2018-10-02 00:01:08  [ main:0 ] - [ INFO ]  ControlCenter Initial Server Competed
2018-10-02 00:01:08  [ main:3 ] - [ INFO ]  ControlCenter Initial ControlCenter Complete!
2018-10-02 00:01:13  [ main:0 ] - [ INFO ]  clientControl Initial Server Competed
2018-10-02 00:01:13  [ main:4 ] - [ INFO ]  clientControl Initial clientContrColCenter Complete!
2018-10-02 00:01:13  [ Thread-0:5 ] - [ INFO ]  clientControl Initial Server Competed
2018-10-02 00:03:09  [ main:0 ] - [ INFO ]  clientControl Initial Server Competed
2018-10-02 00:03:09  [ main:6 ] - [ INFO ]  clientControl Initial clientContrColCenter Complete!
2018-10-02 00:03:09  [ Thread-0:8 ] - [ INFO ]  clientControl Initial Server Competed
2018-10-02 00:04:14  [ main:0 ] - [ INFO ]  clientControl Initial Server Competed
2018-10-02 00:04:14  [ main:11 ] - [ INFO ]  clientControl Initial clientContrColCenter Complete!
2018-10-02 00:04:14  [ Thread-0:16 ] - [ INFO ]  clientControl Initial Server Competed
2018-10-02 00:06:30  [ main:0 ] - [ INFO ]  ControlCenter Initial Server Competed
2018-10-02 00:06:30  [ main:5 ] - [ INFO ]  ControlCenter Initial ControlCenter Complete!
2018-10-02 00:06:40  [ main:1 ] - [ INFO ]  ControlCenter Initial Server Competed
2018-10-02 00:06:40  [ main:5 ] - [ INFO ]  ControlCenter Initial ControlCenter Complete!
2018-10-02 00:06:48  [ main:0 ] - [ INFO ]  clientControl Initial Server Competed
2018-10-02 00:06:48  [ main:5 ] - [ INFO ]  clientControl Initial clientContrColCenter Complete!
2018-10-02 00:06:48  [ Thread-0:6 ] - [ INFO ]  clientControl Initial Server Competed
2018-10-02 00:06:55  [ main:0 ] - [ INFO ]  ControlCenter Initial Server Competed
2018-10-02 00:06:55  [ main:3 ] - [ INFO ]  ControlCenter Initial ControlCenter Complete!
2018-10-02 00:07:02  [ main:0 ] - [ INFO ]  ControlCenter Initial Server Competed
2018-10-02 00:07:02  [ main:5 ] - [ INFO ]  ControlCenter Initial ControlCenter Complete!
2018-10-02 00:07:15  [ main:0 ] - [ INFO ]  ControlCenter Initial Server Competed
2018-10-02 00:07:15  [ main:3 ] - [ INFO ]  ControlCenter Initial ControlCenter Complete!
2018-10-02 00:07:36  [ main:1 ] - [ INFO ]  clientControl Initial Server Competed
2018-10-02 00:07:36  [ main:4 ] - [ INFO ]  clientControl Initial clientContrColCenter Complete!
2018-10-02 00:07:36  [ Thread-0:6 ] - [ INFO ]  clientControl Initial Server Competed
2018-10-02 00:07:48  [ main:1 ] - [ INFO ]  clientControl Initial Server Competed
2018-10-02 00:07:48  [ main:13 ] - [ INFO ]  clientControl Initial clientContrColCenter Complete!
2018-10-02 00:07:48  [ Thread-0:18 ] - [ INFO ]  clientControl Initial Server Competed
2018-10-02 00:08:03  [ main:0 ] - [ INFO ]  clientControl Initial Server Competed
2018-10-02 00:08:03  [ main:8 ] - [ INFO ]  clientControl Initial clientContrColCenter Complete!
2018-10-02 00:08:03  [ Thread-0:9 ] - [ INFO ]  clientControl Initial Server Competed
2018-10-02 00:09:35  [ main:0 ] - [ INFO ]  ControlCenter Initial Server Competed
2018-10-02 00:09:35  [ main:2 ] - [ INFO ]  ControlCenter Initial ControlCenter Complete!
2018-10-02 00:09:51  [ main:1 ] - [ INFO ]  clientControl Initial Server Competed
2018-10-02 00:09:51  [ main:11 ] - [ INFO ]  clientControl Initial clientContrColCenter Complete!
2018-10-02 00:09:55  [ Thread-0:4793 ] - [ INFO ]  clientControl Initial Server Competed
2018-10-02 00:12:11  [ main:0 ] - [ INFO ]  clientControl Initial Server Competed
2018-10-02 00:12:11  [ main:5 ] - [ INFO ]  clientControl Initial clientContrColCenter Complete!
2018-10-02 00:12:11  [ Thread-0:6 ] - [ INFO ]  clientControl Initial Server Competed
2018-10-02 00:32:04  [ main:0 ] - [ INFO ]  ControlCenter Initial Server Competed
2018-10-02 00:32:04  [ main:10 ] - [ INFO ]  ControlCenter Initial ControlCenter Complete!
2018-10-02 00:32:12  [ main:0 ] - [ INFO ]  ControlCenter Initial Server Competed
2018-10-02 00:32:12  [ main:3 ] - [ INFO ]  ControlCenter Initial ControlCenter Complete!
2018-10-02 00:32:16  [ main:0 ] - [ INFO ]  clientControl Initial Server Competed
2018-10-02 00:32:16  [ main:5 ] - [ INFO ]  clientControl Initial clientContrColCenter Complete!
2018-10-02 00:32:16  [ Thread-0:6 ] - [ INFO ]  clientControl Initial Server Competed
2018-10-02 00:33:32  [ main:0 ] - [ INFO ]  ControlCenter Initial Server Competed
2018-10-02 00:33:32  [ main:4 ] - [ INFO ]  ControlCenter Initial ControlCenter Complete!
2018-10-02 00:33:46  [ main:0 ] - [ INFO ]  clientControl Initial Server Competed
2018-10-02 00:33:46  [ main:11 ] - [ INFO ]  clientControl Initial clientContrColCenter Complete!
2018-10-02 00:33:46  [ Thread-0:13 ] - [ INFO ]  clientControl Initial Server Competed
2018-10-02 00:35:43  [ main:0 ] - [ INFO ]  ControlCenter Initial Server Competed
2018-10-02 00:35:43  [ main:18 ] - [ INFO ]  ControlCenter Initial ControlCenter Complete!
2018-10-02 00:35:53  [ main:0 ] - [ INFO ]  clientControl Initial Server Competed
2018-10-02 00:35:53  [ main:4 ] - [ INFO ]  clientControl Initial clientContrColCenter Complete!
2018-10-02 00:35:53  [ Thread-0:5 ] - [ INFO ]  clientControl Initial Server Competed
2018-10-02 00:38:46  [ main:0 ] - [ INFO ]  ControlCenter Initial Server Competed
2018-10-02 00:38:46  [ main:6 ] - [ INFO ]  ControlCenter Initial ControlCenter Complete!
2018-10-02 00:39:02  [ main:0 ] - [ INFO ]  clientControl Initial Server Competed
2018-10-02 00:39:02  [ main:5 ] - [ INFO ]  clientControl Initial clientContrColCenter Complete!
2018-10-02 00:39:02  [ Thread-0:6 ] - [ INFO ]  clientControl Initial Server Competed
2018-10-02 00:47:02  [ main:0 ] - [ INFO ]  ControlCenter Initial Server Competed
2018-10-02 00:47:02  [ main:2 ] - [ INFO ]  ControlCenter Initial ControlCenter Complete!
2018-10-02 00:47:11  [ main:0 ] - [ INFO ]  clientControl Initial Server Competed
2018-10-02 00:47:11  [ main:6 ] - [ INFO ]  clientControl Initial clientContrColCenter Complete!
2018-10-02 00:47:11  [ Thread-0:11 ] - [ INFO ]  clientControl Initial Server Competed
2018-10-02 00:47:14  [ main:0 ] - [ INFO ]  clientControl Initial Server Competed
2018-10-02 00:47:14  [ main:13 ] - [ INFO ]  clientControl Initial clientContrColCenter Complete!
2018-10-02 00:47:14  [ Thread-0:18 ] - [ INFO ]  clientControl Initial Server Competed
2018-10-02 00:50:39  [ main:0 ] - [ INFO ]  ControlCenter Initial Server Competed
2018-10-02 00:50:39  [ main:6 ] - [ INFO ]  ControlCenter Initial ControlCenter Complete!
2018-10-02 00:51:05  [ main:0 ] - [ INFO ]  ControlCenter Initial Server Competed
2018-10-02 00:51:05  [ main:3 ] - [ INFO ]  ControlCenter Initial ControlCenter Complete!
2018-10-02 00:51:12  [ main:0 ] - [ INFO ]  clientControl Initial clientContrColCenter Complete!
2018-10-02 00:51:12  [ Thread-0:36 ] - [ INFO ]  clientControl Initial Server Competed
2018-10-02 00:51:16  [ main:0 ] - [ INFO ]  clientControl Initial clientContrColCenter Complete!
2018-10-02 00:51:16  [ Thread-0:19 ] - [ INFO ]  clientControl Initial Server Competed
2018-10-02 00:55:04  [ main:0 ] - [ INFO ]  clientControl Initial clientContrColCenter Complete!
2018-10-02 00:55:04  [ Thread-0:17 ] - [ INFO ]  clientControl Initial Server Competed
2018-10-02 00:55:12  [ main:0 ] - [ INFO ]  ControlCenter Initial Server Competed
2018-10-02 00:55:12  [ main:8 ] - [ INFO ]  ControlCenter Initial ControlCenter Complete!
2018-10-02 00:55:16  [ main:0 ] - [ INFO ]  clientControl Initial clientContrColCenter Complete!
2018-10-02 00:55:16  [ Thread-0:18 ] - [ INFO ]  clientControl Initial Server Competed
2018-10-02 00:55:19  [ main:1 ] - [ INFO ]  clientControl Initial clientContrColCenter Complete!
2018-10-02 00:55:19  [ Thread-0:35 ] - [ INFO ]  clientControl Initial Server Competed
2018-10-02 01:00:19  [ main:0 ] - [ INFO ]  ControlCenter Initial Server Competed
2018-10-02 01:00:19  [ main:3 ] - [ INFO ]  ControlCenter Initial ControlCenter Complete!
2018-10-02 01:00:25  [ main:0 ] - [ INFO ]  clientControl Initial clientContrColCenter Complete!
2018-10-02 01:00:25  [ Thread-0:29 ] - [ INFO ]  clientControl Initial Server Competed
2018-10-02 01:00:27  [ main:0 ] - [ INFO ]  clientControl Initial clientContrColCenter Complete!
2018-10-02 01:00:27  [ Thread-0:12 ] - [ INFO ]  clientControl Initial Server Competed
2018-10-02 01:05:24  [ main:0 ] - [ INFO ]  ControlCenter Initial Server Competed
2018-10-02 01:05:24  [ main:9 ] - [ INFO ]  ControlCenter Initial ControlCenter Complete!
2018-10-02 01:05:38  [ main:0 ] - [ INFO ]  clientControl Initial clientControlCenter Complete!
2018-10-02 01:05:38  [ Thread-0:21 ] - [ INFO ]  clientControl Initial Server Competed
2018-10-02 01:05:40  [ main:0 ] - [ INFO ]  clientControl Initial clientControlCenter Complete!
2018-10-02 01:05:40  [ Thread-0:22 ] - [ INFO ]  clientControl Initial Server Competed
2018-10-02 14:18:15  [ main:0 ] - [ INFO ]  clientControl Initial clientControlCenter Complete!
2018-10-02 14:18:15  [ Thread-0:13 ] - [ INFO ]  clientControl Initial Server Competed
2018-10-02 14:22:12  [ main:0 ] - [ INFO ]  clientControl Initial clientControlCenter Complete!
2018-10-02 14:22:12  [ Thread-0:14 ] - [ INFO ]  clientControl Initial Server Competed
2018-10-02 14:24:24  [ main:0 ] - [ INFO ]  clientControl Initial clientControlCenter Complete!
2018-10-02 14:24:24  [ Thread-0:14 ] - [ INFO ]  clientControl Initial Server Competed
2018-10-02 15:22:42  [ main:0 ] - [ INFO ]  clientControl Initial clientControlCenter Complete!
2018-10-02 15:22:42  [ Thread-0:12 ] - [ INFO ]  clientControl Initial Server Competed
2018-10-02 15:22:44  [ main:0 ] - [ INFO ]  clientControl Initial clientControlCenter Complete!
2018-10-02 15:22:44  [ Thread-0:13 ] - [ INFO ]  clientControl Initial Server Competed
2018-10-02 15:24:55  [ main:0 ] - [ INFO ]  clientControl Initial clientControlCenter Complete!
2018-10-02 15:24:55  [ Thread-0:16 ] - [ INFO ]  clientControl Initial Server Competed
2018-10-02 15:27:28  [ main:0 ] - [ INFO ]  clientControl Initial clientControlCenter Complete!
2018-10-02 15:27:28  [ Thread-0:19 ] - [ INFO ]  clientControl Initial Server Competed
2018-10-02 15:30:48  [ main:0 ] - [ INFO ]  clientControl Initial clientControlCenter Complete!
2018-10-02 15:30:48  [ Thread-0:10 ] - [ INFO ]  clientControl Initial Server Competed
2018-10-02 15:30:50  [ main:0 ] - [ INFO ]  clientControl Initial clientControlCenter Complete!
2018-10-02 15:30:50  [ Thread-0:15 ] - [ INFO ]  clientControl Initial Server Competed
2018-10-02 15:37:08  [ main:0 ] - [ INFO ]  clientControl Initial clientControlCenter Complete!
2018-10-02 15:37:08  [ Thread-0:12 ] - [ INFO ]  clientControl Initial Server Competed
2018-10-02 15:37:45  [ main:0 ] - [ INFO ]  clientControl Initial clientControlCenter Complete!
2018-10-02 15:37:45  [ Thread-0:12 ] - [ INFO ]  clientControl Initial Server Competed
2018-10-02 15:38:07  [ main:0 ] - [ INFO ]  clientControl Initial clientControlCenter Complete!
2018-10-02 15:38:07  [ Thread-0:11 ] - [ INFO ]  clientControl Initial Server Competed
2018-10-02 15:40:20  [ main:0 ] - [ INFO ]  clientControl Initial clientControlCenter Complete!
2018-10-02 15:40:20  [ Thread-0:13 ] - [ INFO ]  clientControl Initial Server Competed
2018-10-02 15:43:52  [ main:0 ] - [ INFO ]  clientControl Initial clientControlCenter Complete!
2018-10-02 15:43:52  [ Thread-0:14 ] - [ INFO ]  clientControl Initial Server Competed
2018-10-02 15:44:31  [ main:0 ] - [ INFO ]  clientControl Initial clientControlCenter Complete!
2018-10-02 15:44:31  [ Thread-0:11 ] - [ INFO ]  clientControl Initial Server Competed
2018-10-02 15:45:56  [ main:0 ] - [ INFO ]  clientControl Initial clientControlCenter Complete!
2018-10-02 15:45:56  [ Thread-0:11 ] - [ INFO ]  clientControl Initial Server Competed
2018-10-02 15:51:54  [ main:0 ] - [ INFO ]  clientControl Initial clientControlCenter Complete!
2018-10-02 15:51:54  [ Thread-0:42 ] - [ INFO ]  clientControl Initial Server Competed
2018-10-02 15:52:06  [ main:0 ] - [ INFO ]  clientControl Initial clientControlCenter Complete!
2018-10-02 15:52:06  [ Thread-0:12 ] - [ INFO ]  clientControl Initial Server Competed
2018-10-02 15:52:27  [ main:0 ] - [ INFO ]  clientControl Initial clientControlCenter Complete!
2018-10-02 15:52:27  [ Thread-0:11 ] - [ INFO ]  clientControl Initial Server Competed
2018-10-02 15:52:59  [ main:0 ] - [ INFO ]  clientControl Initial clientControlCenter Complete!
2018-10-02 15:52:59  [ Thread-0:13 ] - [ INFO ]  clientControl Initial Server Competed
2018-10-02 15:54:23  [ main:0 ] - [ INFO ]  clientControl Initial clientControlCenter Complete!
2018-10-02 15:54:23  [ Thread-0:12 ] - [ INFO ]  clientControl Initial Server Competed
2018-10-02 15:54:57  [ main:0 ] - [ INFO ]  clientControl Initial clientControlCenter Complete!
2018-10-02 15:54:57  [ Thread-0:11 ] - [ INFO ]  clientControl Initial Server Competed
2018-10-02 15:55:03  [ main:0 ] - [ INFO ]  clientControl Initial clientControlCenter Complete!
2018-10-02 15:55:03  [ Thread-0:11 ] - [ INFO ]  clientControl Initial Server Competed
2018-10-02 16:02:03  [ main:0 ] - [ INFO ]  clientControl Initial clientControlCenter Complete!
2018-10-02 16:02:03  [ Thread-0:12 ] - [ INFO ]  clientControl Initial Server Competed
2018-10-02 16:02:05  [ main:0 ] - [ INFO ]  clientControl Initial clientControlCenter Complete!
2018-10-02 16:02:05  [ Thread-0:12 ] - [ INFO ]  clientControl Initial Server Competed
2018-10-02 16:02:07  [ main:0 ] - [ INFO ]  clientControl Initial clientControlCenter Complete!
2018-10-02 16:02:07  [ Thread-0:12 ] - [ INFO ]  clientControl Initial Server Competed
2018-10-02 16:04:11  [ main:0 ] - [ INFO ]  clientControl Initial clientControlCenter Complete!
2018-10-02 16:04:11  [ Thread-0:23 ] - [ INFO ]  clientControl Initial Server Competed
2018-10-02 16:04:56  [ main:0 ] - [ INFO ]  clientControl Initial clientControlCenter Complete!
2018-10-02 16:04:56  [ Thread-0:11 ] - [ INFO ]  clientControl Initial Server Competed
2018-10-02 16:05:03  [ main:0 ] - [ INFO ]  clientControl Initial clientControlCenter Complete!
2018-10-02 16:05:03  [ Thread-0:18 ] - [ INFO ]  clientControl Initial Server Competed
2018-10-02 16:05:05  [ main:0 ] - [ INFO ]  clientControl Initial clientControlCenter Complete!
2018-10-02 16:05:05  [ Thread-0:12 ] - [ INFO ]  clientControl Initial Server Competed
2018-10-02 16:05:06  [ main:0 ] - [ INFO ]  clientControl Initial clientControlCenter Complete!
2018-10-02 16:05:06  [ Thread-0:11 ] - [ INFO ]  clientControl Initial Server Competed
2018-10-02 16:11:16  [ main:0 ] - [ INFO ]  clientControl Initial clientControlCenter Complete!
2018-10-02 16:11:16  [ Thread-0:12 ] - [ INFO ]  clientControl Initial Server Competed
2018-10-02 16:12:18  [ main:0 ] - [ INFO ]  clientControl Initial clientControlCenter Complete!
2018-10-02 16:12:18  [ Thread-0:12 ] - [ INFO ]  clientControl Initial Server Competed
2018-10-02 16:12:27  [ main:0 ] - [ INFO ]  clientControl Initial clientControlCenter Complete!
2018-10-02 16:12:27  [ Thread-0:11 ] - [ INFO ]  clientControl Initial Server Competed
2018-10-02 16:12:28  [ main:0 ] - [ INFO ]  clientControl Initial clientControlCenter Complete!
2018-10-02 16:12:28  [ Thread-0:11 ] - [ INFO ]  clientControl Initial Server Competed
2018-10-02 16:13:37  [ main:0 ] - [ INFO ]  clientControl Initial clientControlCenter Complete!
2018-10-02 16:13:37  [ Thread-0:14 ] - [ INFO ]  clientControl Initial Server Competed
2018-10-02 16:19:42  [ main:0 ] - [ INFO ]  clientControl Initial clientControlCenter Complete!
2018-10-02 16:19:42  [ Thread-0:15 ] - [ INFO ]  clientControl Initial Server Competed
2018-10-02 16:19:57  [ main:0 ] - [ INFO ]  clientControl Initial clientControlCenter Complete!
2018-10-02 16:19:57  [ Thread-0:12 ] - [ INFO ]  clientControl Initial Server Competed
2018-10-02 16:21:01  [ main:0 ] - [ INFO ]  clientControl Initial clientControlCenter Complete!
2018-10-02 16:21:01  [ Thread-0:15 ] - [ INFO ]  clientControl Initial Server Competed
2018-10-02 16:21:52  [ main:0 ] - [ INFO ]  clientControl Initial clientControlCenter Complete!
2018-10-02 16:21:52  [ Thread-0:11 ] - [ INFO ]  clientControl Initial Server Competed
2018-10-02 16:21:54  [ main:0 ] - [ INFO ]  clientControl Initial clientControlCenter Complete!
2018-10-02 16:21:54  [ Thread-0:11 ] - [ INFO ]  clientControl Initial Server Competed
2018-10-02 16:21:56  [ main:0 ] - [ INFO ]  clientControl Initial clientControlCenter Complete!
2018-10-02 16:21:56  [ Thread-0:14 ] - [ INFO ]  clientControl Initial Server Competed
2018-10-02 16:24:15  [ main:0 ] - [ INFO ]  clientControl Initial clientControlCenter Complete!
2018-10-02 16:24:15  [ Thread-0:12 ] - [ INFO ]  clientControl Initial Server Competed
2018-10-02 16:24:18  [ main:0 ] - [ INFO ]  clientControl Initial clientControlCenter Complete!
2018-10-02 16:24:18  [ Thread-0:10 ] - [ INFO ]  clientControl Initial Server Competed
2018-10-02 16:24:19  [ main:0 ] - [ INFO ]  clientControl Initial clientControlCenter Complete!
2018-10-02 16:24:19  [ Thread-0:15 ] - [ INFO ]  clientControl Initial Server Competed
2018-10-02 16:31:51  [ main:0 ] - [ INFO ]  clientControl Initial clientControlCenter Complete!
2018-10-02 16:31:51  [ Thread-0:11 ] - [ INFO ]  clientControl Initial Server Competed
2018-10-02 16:32:49  [ main:0 ] - [ INFO ]  clientControl Initial clientControlCenter Complete!
2018-10-02 16:32:49  [ Thread-0:14 ] - [ INFO ]  clientControl Initial Server Competed
2018-10-02 16:33:12  [ main:0 ] - [ INFO ]  clientControl Initial clientControlCenter Complete!
2018-10-02 16:33:12  [ Thread-0:12 ] - [ INFO ]  clientControl Initial Server Competed
2018-10-02 16:33:15  [ main:0 ] - [ INFO ]  clientControl Initial clientControlCenter Complete!
2018-10-02 16:33:15  [ Thread-0:12 ] - [ INFO ]  clientControl Initial Server Competed
2018-10-02 16:33:31  [ main:1 ] - [ INFO ]  clientControl Initial clientControlCenter Complete!
2018-10-02 16:33:31  [ Thread-0:13 ] - [ INFO ]  clientControl Initial Server Competed
2018-10-02 16:41:23  [ main:0 ] - [ INFO ]  clientControl Initial clientControlCenter Complete!
2018-10-02 16:41:23  [ Thread-0:12 ] - [ INFO ]  clientControl Initial Server Competed
2018-10-02 16:41:28  [ main:0 ] - [ INFO ]  clientControl Initial clientControlCenter Complete!
2018-10-02 16:41:28  [ Thread-0:12 ] - [ INFO ]  clientControl Initial Server Competed
2018-10-02 16:41:30  [ main:0 ] - [ INFO ]  clientControl Initial clientControlCenter Complete!
2018-10-02 16:41:30  [ Thread-0:11 ] - [ INFO ]  clientControl Initial Server Competed
2018-10-02 16:43:59  [ main:0 ] - [ INFO ]  clientControl Initial clientControlCenter Complete!
2018-10-02 16:43:59  [ Thread-0:17 ] - [ INFO ]  clientControl Initial Server Competed
2018-10-02 16:44:02  [ main:0 ] - [ INFO ]  clientControl Initial clientControlCenter Complete!
2018-10-02 16:44:02  [ Thread-0:12 ] - [ INFO ]  clientControl Initial Server Competed
2018-10-02 16:44:04  [ main:0 ] - [ INFO ]  clientControl Initial clientControlCenter Complete!
2018-10-02 16:44:04  [ Thread-0:13 ] - [ INFO ]  clientControl Initial Server Competed
2018-10-02 16:48:31  [ main:0 ] - [ INFO ]  clientControl Initial clientControlCenter Complete!
2018-10-02 16:48:31  [ Thread-0:18 ] - [ INFO ]  clientControl Initial Server Competed
2018-10-02 16:49:05  [ main:0 ] - [ INFO ]  clientControl Initial clientControlCenter Complete!
2018-10-02 16:49:05  [ Thread-0:12 ] - [ INFO ]  clientControl Initial Server Competed
2018-10-02 16:50:01  [ main:0 ] - [ INFO ]  clientControl Initial clientControlCenter Complete!
2018-10-02 16:50:01  [ Thread-0:14 ] - [ INFO ]  clientControl Initial Server Competed
2018-10-02 16:50:33  [ main:0 ] - [ INFO ]  clientControl Initial clientControlCenter Complete!
2018-10-02 16:50:33  [ Thread-0:16 ] - [ INFO ]  clientControl Initial Server Competed
2018-10-02 16:51:34  [ main:0 ] - [ INFO ]  clientControl Initial clientControlCenter Complete!
2018-10-02 16:51:34  [ Thread-0:15 ] - [ INFO ]  clientControl Initial Server Competed
2018-10-02 16:52:14  [ main:0 ] - [ INFO ]  clientControl Initial clientControlCenter Complete!
2018-10-02 16:52:14  [ Thread-0:11 ] - [ INFO ]  clientControl Initial Server Competed
2018-10-02 16:52:42  [ main:0 ] - [ INFO ]  clientControl Initial clientControlCenter Complete!
2018-10-02 16:52:42  [ Thread-0:15 ] - [ INFO ]  clientControl Initial Server Competed
2018-10-02 16:55:01  [ main:0 ] - [ INFO ]  clientControl Initial clientControlCenter Complete!
2018-10-02 16:55:01  [ Thread-0:11 ] - [ INFO ]  clientControl Initial Server Competed
2018-10-02 17:03:28  [ main:0 ] - [ INFO ]  clientControl Initial clientControlCenter Complete!
2018-10-02 17:03:28  [ Thread-0:11 ] - [ INFO ]  clientControl Initial Server Competed
2018-10-02 17:03:36  [ main:0 ] - [ INFO ]  clientControl Initial clientControlCenter Complete!
2018-10-02 17:03:36  [ Thread-0:12 ] - [ INFO ]  clientControl Initial Server Competed
2018-10-02 17:03:37  [ main:0 ] - [ INFO ]  clientControl Initial clientControlCenter Complete!
2018-10-02 17:03:37  [ Thread-0:16 ] - [ INFO ]  clientControl Initial Server Competed
2018-10-02 17:06:27  [ main:0 ] - [ INFO ]  clientControl Initial clientControlCenter Complete!
2018-10-02 17:06:27  [ Thread-0:11 ] - [ INFO ]  clientControl Initial Server Competed
2018-10-02 17:06:30  [ main:0 ] - [ INFO ]  clientControl Initial clientControlCenter Complete!
2018-10-02 17:06:30  [ Thread-0:22 ] - [ INFO ]  clientControl Initial Server Competed
2018-10-02 17:06:32  [ main:0 ] - [ INFO ]  clientControl Initial clientControlCenter Complete!
2018-10-02 17:06:32  [ Thread-0:13 ] - [ INFO ]  clientControl Initial Server Competed
2018-10-02 17:06:54  [ main:0 ] - [ INFO ]  clientControl Initial clientControlCenter Complete!
2018-10-02 17:06:54  [ Thread-0:12 ] - [ INFO ]  clientControl Initial Server Competed
2018-10-02 17:06:58  [ main:0 ] - [ INFO ]  clientControl Initial clientControlCenter Complete!
2018-10-02 17:06:58  [ Thread-0:15 ] - [ INFO ]  clientControl Initial Server Competed
2018-10-02 17:07:00  [ main:0 ] - [ INFO ]  clientControl Initial clientControlCenter Complete!
2018-10-02 17:07:00  [ Thread-0:12 ] - [ INFO ]  clientControl Initial Server Competed
2018-10-02 17:09:09  [ main:0 ] - [ INFO ]  clientControl Initial clientControlCenter Complete!
2018-10-02 17:09:09  [ Thread-0:11 ] - [ INFO ]  clientControl Initial Server Competed
2018-10-02 17:09:38  [ main:0 ] - [ INFO ]  clientControl Initial clientControlCenter Complete!
2018-10-02 17:09:38  [ Thread-0:12 ] - [ INFO ]  clientControl Initial Server Competed
2018-10-02 17:09:43  [ main:0 ] - [ INFO ]  clientControl Initial clientControlCenter Complete!
2018-10-02 17:09:43  [ Thread-0:14 ] - [ INFO ]  clientControl Initial Server Competed
2018-10-02 17:09:46  [ main:0 ] - [ INFO ]  clientControl Initial clientControlCenter Complete!
2018-10-02 17:09:46  [ Thread-0:15 ] - [ INFO ]  clientControl Initial Server Competed
2018-10-02 17:13:22  [ main:0 ] - [ INFO ]  clientControl Initial clientControlCenter Complete!
2018-10-02 17:13:22  [ Thread-0:12 ] - [ INFO ]  clientControl Initial Server Competed
2018-10-02 17:13:25  [ main:0 ] - [ INFO ]  clientControl Initial clientControlCenter Complete!
2018-10-02 17:13:25  [ Thread-0:12 ] - [ INFO ]  clientControl Initial Server Competed
2018-10-02 17:13:27  [ main:0 ] - [ INFO ]  clientControl Initial clientControlCenter Complete!
2018-10-02 17:13:27  [ Thread-0:24 ] - [ INFO ]  clientControl Initial Server Competed
2018-10-02 17:16:14  [ main:0 ] - [ INFO ]  clientControl Initial clientControlCenter Complete!
2018-10-02 17:16:14  [ Thread-0:12 ] - [ INFO ]  clientControl Initial Server Competed
2018-10-02 17:16:16  [ main:0 ] - [ INFO ]  clientControl Initial clientControlCenter Complete!
2018-10-02 17:16:16  [ Thread-0:11 ] - [ INFO ]  clientControl Initial Server Competed
2018-10-02 17:16:18  [ main:0 ] - [ INFO ]  clientControl Initial clientControlCenter Complete!
2018-10-02 17:16:18  [ Thread-0:12 ] - [ INFO ]  clientControl Initial Server Competed
2018-10-02 17:18:52  [ main:0 ] - [ INFO ]  clientControl Initial clientControlCenter Complete!
2018-10-02 17:18:52  [ Thread-0:12 ] - [ INFO ]  clientControl Initial Server Competed
2018-10-02 17:18:54  [ main:0 ] - [ INFO ]  clientControl Initial clientControlCenter Complete!
2018-10-02 17:18:54  [ Thread-0:14 ] - [ INFO ]  clientControl Initial Server Competed
2018-10-02 17:18:56  [ main:0 ] - [ INFO ]  clientControl Initial clientControlCenter Complete!
2018-10-02 17:18:56  [ Thread-0:12 ] - [ INFO ]  clientControl Initial Server Competed
2018-10-02 17:20:57  [ main:0 ] - [ INFO ]  clientControl Initial clientControlCenter Complete!
2018-10-02 17:20:57  [ Thread-0:12 ] - [ INFO ]  clientControl Initial Server Competed
2018-10-02 17:20:59  [ main:0 ] - [ INFO ]  clientControl Initial clientControlCenter Complete!
2018-10-02 17:20:59  [ Thread-0:12 ] - [ INFO ]  clientControl Initial Server Competed
2018-10-02 17:21:01  [ main:0 ] - [ INFO ]  clientControl Initial clientControlCenter Complete!
2018-10-02 17:21:01  [ Thread-0:11 ] - [ INFO ]  clientControl Initial Server Competed
2018-10-02 17:25:26  [ main:0 ] - [ INFO ]  clientControl Initial clientControlCenter Complete!
2018-10-02 17:25:26  [ Thread-0:12 ] - [ INFO ]  clientControl Initial Server Competed
2018-10-02 17:25:29  [ main:0 ] - [ INFO ]  clientControl Initial clientControlCenter Complete!
2018-10-02 17:25:29  [ Thread-0:11 ] - [ INFO ]  clientControl Initial Server Competed
2018-10-02 17:25:31  [ main:0 ] - [ INFO ]  clientControl Initial clientControlCenter Complete!
2018-10-02 17:25:31  [ Thread-0:14 ] - [ INFO ]  clientControl Initial Server Competed
2018-10-02 17:26:13  [ main:0 ] - [ INFO ]  clientControl Initial clientControlCenter Complete!
2018-10-02 17:26:13  [ Thread-0:11 ] - [ INFO ]  clientControl Initial Server Competed
2018-10-02 17:29:11  [ main:0 ] - [ INFO ]  clientControl Initial clientControlCenter Complete!
2018-10-02 17:29:11  [ Thread-0:13 ] - [ INFO ]  clientControl Initial Server Competed
2018-10-02 17:29:13  [ main:0 ] - [ INFO ]  clientControl Initial clientControlCenter Complete!
2018-10-02 17:29:13  [ Thread-0:13 ] - [ INFO ]  clientControl Initial Server Competed
2018-10-02 17:29:15  [ main:0 ] - [ INFO ]  clientControl Initial clientControlCenter Complete!
2018-10-02 17:29:15  [ Thread-0:14 ] - [ INFO ]  clientControl Initial Server Competed
2018-10-02 17:36:30  [ main:0 ] - [ INFO ]  clientControl Initial clientControlCenter Complete!
2018-10-02 17:36:30  [ Thread-0:11 ] - [ INFO ]  clientControl Initial Server Competed
2018-10-02 17:36:34  [ main:0 ] - [ INFO ]  clientControl Initial clientControlCenter Complete!
2018-10-02 17:36:34  [ Thread-0:11 ] - [ INFO ]  clientControl Initial Server Competed
2018-10-02 17:36:36  [ main:0 ] - [ INFO ]  clientControl Initial clientControlCenter Complete!
2018-10-02 17:36:36  [ Thread-0:34 ] - [ INFO ]  clientControl Initial Server Competed
2018-10-02 17:39:13  [ main:0 ] - [ INFO ]  clientControl Initial clientControlCenter Complete!
2018-10-02 17:39:13  [ Thread-0:11 ] - [ INFO ]  clientControl Initial Server Competed
2018-10-02 17:39:14  [ main:0 ] - [ INFO ]  clientControl Initial clientControlCenter Complete!
2018-10-02 17:39:14  [ Thread-0:15 ] - [ INFO ]  clientControl Initial Server Competed
2018-10-02 17:39:16  [ main:0 ] - [ INFO ]  clientControl Initial clientControlCenter Complete!
2018-10-02 17:39:16  [ Thread-0:12 ] - [ INFO ]  clientControl Initial Server Competed
2018-10-02 17:42:51  [ main:0 ] - [ INFO ]  clientControl Initial clientControlCenter Complete!
2018-10-02 17:42:51  [ Thread-0:11 ] - [ INFO ]  clientControl Initial Server Competed
2018-10-02 17:42:55  [ main:0 ] - [ INFO ]  clientControl Initial clientControlCenter Complete!
2018-10-02 17:42:55  [ Thread-0:11 ] - [ INFO ]  clientControl Initial Server Competed
2018-10-02 17:42:57  [ main:0 ] - [ INFO ]  clientControl Initial clientControlCenter Complete!
2018-10-02 17:42:57  [ Thread-0:17 ] - [ INFO ]  clientControl Initial Server Competed
2018-10-02 17:47:29  [ main:0 ] - [ INFO ]  clientControl Initial clientControlCenter Complete!
2018-10-02 17:47:29  [ Thread-0:17 ] - [ INFO ]  clientControl Initial Server Competed
2018-10-02 17:48:39  [ main:0 ] - [ INFO ]  clientControl Initial clientControlCenter Complete!
2018-10-02 17:48:39  [ Thread-0:19 ] - [ INFO ]  clientControl Initial Server Competed
2018-10-02 17:48:44  [ main:0 ] - [ INFO ]  clientControl Initial clientControlCenter Complete!
2018-10-02 17:48:44  [ Thread-0:18 ] - [ INFO ]  clientControl Initial Server Competed
2018-10-02 17:48:46  [ main:0 ] - [ INFO ]  clientControl Initial clientControlCenter Complete!
2018-10-02 17:48:46  [ Thread-0:17 ] - [ INFO ]  clientControl Initial Server Competed
2018-10-02 17:53:11  [ main:0 ] - [ INFO ]  clientControl Initial clientControlCenter Complete!
2018-10-02 17:53:11  [ Thread-0:30 ] - [ INFO ]  clientControl Initial Server Competed
2018-10-02 17:53:13  [ main:1 ] - [ INFO ]  clientControl Initial clientControlCenter Complete!
2018-10-02 17:53:13  [ Thread-0:18 ] - [ INFO ]  clientControl Initial Server Competed
2018-10-02 17:53:15  [ main:0 ] - [ INFO ]  clientControl Initial clientControlCenter Complete!
2018-10-02 17:53:15  [ Thread-0:18 ] - [ INFO ]  clientControl Initial Server Competed
2018-10-02 17:57:53  [ main:0 ] - [ INFO ]  clientControl Initial clientControlCenter Complete!
2018-10-02 17:57:53  [ Thread-0:35 ] - [ INFO ]  clientControl Initial Server Competed
2018-10-02 17:57:55  [ main:0 ] - [ INFO ]  clientControl Initial clientControlCenter Complete!
2018-10-02 17:57:55  [ Thread-0:17 ] - [ INFO ]  clientControl Initial Server Competed
2018-10-02 17:57:57  [ main:0 ] - [ INFO ]  clientControl Initial clientControlCenter Complete!
2018-10-02 17:57:57  [ Thread-0:15 ] - [ INFO ]  clientControl Initial Server Competed
2018-10-02 18:08:47  [ main:0 ] - [ INFO ]  clientControl Initial clientControlCenter Complete!
2018-10-02 18:08:47  [ Thread-0:15 ] - [ INFO ]  clientControl Initial Server Competed
2018-10-02 18:08:49  [ main:0 ] - [ INFO ]  clientControl Initial clientControlCenter Complete!
2018-10-02 18:08:49  [ Thread-0:11 ] - [ INFO ]  clientControl Initial Server Competed
2018-10-02 18:08:51  [ main:0 ] - [ INFO ]  clientControl Initial clientControlCenter Complete!
2018-10-02 18:08:51  [ Thread-0:12 ] - [ INFO ]  clientControl Initial Server Competed
2018-10-02 18:09:51  [ main:0 ] - [ INFO ]  clientControl Initial clientControlCenter Complete!
2018-10-02 18:09:51  [ Thread-0:15 ] - [ INFO ]  clientControl Initial Server Competed
2018-10-02 18:09:53  [ main:0 ] - [ INFO ]  clientControl Initial clientControlCenter Complete!
2018-10-02 18:09:53  [ Thread-0:12 ] - [ INFO ]  clientControl Initial Server Competed
2018-10-02 18:09:54  [ main:0 ] - [ INFO ]  clientControl Initial clientControlCenter Complete!
2018-10-02 18:09:54  [ Thread-0:12 ] - [ INFO ]  clientControl Initial Server Competed
2018-10-02 18:20:14  [ main:0 ] - [ INFO ]  clientControl Initial clientControlCenter Complete!
2018-10-02 18:20:14  [ Thread-0:15 ] - [ INFO ]  clientControl Initial Server Competed
2018-10-02 18:25:57  [ main:0 ] - [ INFO ]  clientControl Initial clientControlCenter Complete!
2018-10-02 18:25:57  [ Thread-0:11 ] - [ INFO ]  clientControl Initial Server Competed
2018-10-02 18:26:15  [ main:0 ] - [ INFO ]  clientControl Initial clientControlCenter Complete!
2018-10-02 18:26:15  [ Thread-0:12 ] - [ INFO ]  clientControl Initial Server Competed
2018-10-02 18:26:27  [ main:0 ] - [ INFO ]  clientControl Initial clientControlCenter Complete!
2018-10-02 18:26:27  [ Thread-0:11 ] - [ INFO ]  clientControl Initial Server Competed
2018-10-02 18:28:14  [ main:0 ] - [ INFO ]  clientControl Initial clientControlCenter Complete!
2018-10-02 18:28:14  [ Thread-0:12 ] - [ INFO ]  clientControl Initial Server Competed
2018-10-02 18:31:46  [ main:0 ] - [ INFO ]  clientControl Initial clientControlCenter Complete!
2018-10-02 18:31:46  [ Thread-0:12 ] - [ INFO ]  clientControl Initial Server Competed
2018-10-02 18:31:53  [ main:0 ] - [ INFO ]  clientControl Initial clientControlCenter Complete!
2018-10-02 18:31:53  [ Thread-0:22 ] - [ INFO ]  clientControl Initial Server Competed
2018-10-02 18:34:06  [ main:1 ] - [ INFO ]  clientControl Initial clientControlCenter Complete!
2018-10-02 18:34:06  [ Thread-0:44 ] - [ INFO ]  clientControl Initial Server Competed
2018-10-02 18:41:55  [ main:0 ] - [ INFO ]  clientControl Initial clientControlCenter Complete!
2018-10-02 18:41:55  [ Thread-0:15 ] - [ INFO ]  clientControl Initial Server Competed
2018-10-02 18:42:20  [ main:0 ] - [ INFO ]  clientControl Initial clientControlCenter Complete!
2018-10-02 18:42:20  [ Thread-0:19 ] - [ INFO ]  clientControl Initial Server Competed
2018-10-02 18:43:07  [ main:0 ] - [ INFO ]  clientControl Initial clientControlCenter Complete!
2018-10-02 18:43:07  [ Thread-0:20 ] - [ INFO ]  clientControl Initial Server Competed
2018-10-02 18:43:10  [ main:0 ] - [ INFO ]  clientControl Initial clientControlCenter Complete!
2018-10-02 18:43:10  [ Thread-0:13 ] - [ INFO ]  clientControl Initial Server Competed
2018-10-02 18:43:12  [ main:0 ] - [ INFO ]  clientControl Initial clientControlCenter Complete!
2018-10-02 18:43:12  [ Thread-0:16 ] - [ INFO ]  clientControl Initial Server Competed
2018-10-02 18:45:32  [ main:0 ] - [ INFO ]  clientControl Initial clientControlCenter Complete!
2018-10-02 18:45:32  [ Thread-0:21 ] - [ INFO ]  clientControl Initial Server Competed
